Parsing command options ...
Method chosen: CP
Parsing data file data.5 ...

TA --- Course
Mrs. Lauren Smith: [[('CSE103', 0.5)]], 1
Mrs. Lauren Paul: [[('CSE102', 0.5)], [('CSE103', 0.5)], [('CSE101', 0.5), ('CSE101', 1)]], 3
TA1: [[('CSE103', 0.5)], [('CSE101', 0.5), ('CSE101', 1)]], 2
TA2: [[('CSE103', 0.5)], [('CSE101', 0.5), ('CSE101', 1)]], 2

Course --- TA
CSE102: [[('Mrs. Lauren Paul', 0.5)]], 1
CSE103: [[('Mrs. Lauren Paul', 0.5)], [('Mrs. Lauren Smith', 0.5)], [('TA1', 0.5)], [('TA2', 0.5)]], 4
CSE101: [[('Mrs. Lauren Paul', 0.5), ('Mrs. Lauren Paul', 1)], [('TA1', 0.5), ('TA1', 1)], [('TA2', 0.5), ('TA2', 1)]], 3

Before CP {'CSE102': [[('Mrs. Lauren Paul', 0.5)]], 'CSE103': [[('Mrs. Lauren Paul', 0.5)], [('Mrs. Lauren Smith', 0.5)], [('TA1', 0.5)], [('TA2', 0.5)]], 'CSE101': [[('Mrs. Lauren Paul', 0.5), ('Mrs. Lauren Paul', 1)], [('TA1', 0.5), ('TA1', 1)], [('TA2', 0.5), ('TA2', 1)]]}
After CP {'CSE102': [[('Mrs. Lauren Paul', 0.5)]], 'CSE103': [[('Mrs. Lauren Smith', 0.5)], [('TA1', 0.5)], [('TA2', 0.5)]], 'CSE101': [[('Mrs. Lauren Paul', 1)], [('TA1', 0.5), ('TA1', 1)], [('TA2', 0.5), ('TA2', 1)]]}
BS_FC init
course assignment:  {}
TA assignment:  {}
Possible course TA selection:  {'CSE102': [[('Mrs. Lauren Paul', 0.5)]], 'CSE103': [[('Mrs. Lauren Smith', 0.5)], [('TA1', 0.5)], [('TA2', 0.5)]], 'CSE101': [[('Mrs. Lauren Paul', 1)], [('TA1', 0.5), ('TA1', 1)], [('TA2', 0.5), ('TA2', 1)]]}

Current TA-course-number: CSE102-Mrs. Lauren Paul-0.5
course assignment:  {'CSE102': [('Mrs. Lauren Paul', 0.5)]}
TA assignment:  {'Mrs. Lauren Paul': [('CSE102', 0.5)]}
Possible course TA selection:  {'CSE102': [[('Mrs. Lauren Paul', 0.5)]], 'CSE103': [[('Mrs. Lauren Smith', 0.5)], [('TA1', 0.5)], [('TA2', 0.5)]], 'CSE101': [[('TA1', 0.5), ('TA1', 1)], [('TA2', 0.5), ('TA2', 1)]]}

Current TA-course-number: CSE103-Mrs. Lauren Smith-0.5
course assignment:  {'CSE102': [('Mrs. Lauren Paul', 0.5)], 'CSE103': [('Mrs. Lauren Smith', 0.5)]}
TA assignment:  {'Mrs. Lauren Smith': [('CSE103', 0.5)], 'Mrs. Lauren Paul': [('CSE102', 0.5)]}
Possible course TA selection:  {'CSE102': [[('Mrs. Lauren Paul', 0.5)]], 'CSE103': [[('Mrs. Lauren Smith', 0.5)], [('TA1', 0.5)], [('TA2', 0.5)]], 'CSE101': [[('TA1', 0.5), ('TA1', 1)], [('TA2', 0.5), ('TA2', 1)]]}

Current TA-course-number: CSE101-TA1-0.5
course assignment:  {'CSE102': [('Mrs. Lauren Paul', 0.5)], 'CSE103': [('Mrs. Lauren Smith', 0.5)], 'CSE101': [('TA1', 0.5)]}
TA assignment:  {'Mrs. Lauren Smith': [('CSE103', 0.5)], 'Mrs. Lauren Paul': [('CSE102', 0.5)], 'TA1': [('CSE101', 0.5)]}
Possible course TA selection:  {'CSE102': [[('Mrs. Lauren Paul', 0.5)]], 'CSE103': [[('Mrs. Lauren Smith', 0.5)], [('TA1', 0.5)], [('TA2', 0.5)]], 'CSE101': [[('TA1', 0.5)], [('TA2', 0.5), ('TA2', 1)]]}

Current TA-course-number: CSE101-TA2-0.5
course assignment:  {'CSE102': [('Mrs. Lauren Paul', 0.5)], 'CSE103': [('Mrs. Lauren Smith', 0.5)], 'CSE101': [('TA1', 0.5), ('TA2', 0.5)]}
TA assignment:  {'Mrs. Lauren Smith': [('CSE103', 0.5)], 'Mrs. Lauren Paul': [('CSE102', 0.5)], 'TA1': [('CSE101', 0.5)], 'TA2': [('CSE101', 0.5)]}
Possible course TA selection:  {'CSE102': [[('Mrs. Lauren Paul', 0.5)]], 'CSE103': [[('Mrs. Lauren Smith', 0.5)], [('TA1', 0.5)], [('TA2', 0.5)]], 'CSE101': [[('TA1', 0.5)], [('TA2', 0.5)]]}

Current TA-course-number: CSE101-TA2-1
course assignment:  {'CSE102': [('Mrs. Lauren Paul', 0.5)], 'CSE103': [('Mrs. Lauren Smith', 0.5)], 'CSE101': [('TA1', 0.5), ('TA2', 1)]}
TA assignment:  {'Mrs. Lauren Smith': [('CSE103', 0.5)], 'Mrs. Lauren Paul': [('CSE102', 0.5)], 'TA1': [('CSE101', 0.5)], 'TA2': [('CSE101', 1)]}
Possible course TA selection:  {'CSE102': [[('Mrs. Lauren Paul', 0.5)]], 'CSE103': [[('Mrs. Lauren Smith', 0.5)], [('TA1', 0.5)], [('TA2', 1)]], 'CSE101': [[('TA1', 0.5)], [('TA2', 1), ('TA2', 1)]]}


Solved!

Mrs. Lauren Smith, CSE103, 0.5 
Mrs. Lauren Paul, CSE102, 0.5 
TA1, CSE101, 0.5 
TA2, CSE101, 1 

CSE102, Mrs. Lauren Paul, 0.5 
CSE103, Mrs. Lauren Smith, 0.5 
CSE101, TA1, 0.5 TA2, 1 

